# JRE version: Java(TM) SE Runtime Environment (8.0_171-b11) (build 1.8.0_171-b11)
# Java VM: Java HotSpot(TM) 64-Bit Server VM (25.171-b11 mixed mode windows-amd64 compressed oops)
Heap:
 PSYoungGen      total 26624K, used 2815K [0x00000000d6100000, 0x00000000d7d80000, 0x0000000100000000)
  eden space 24064K, 10% used [0x00000000d6100000,0x00000000d6378d50,0x00000000d7880000)
  from space 2560K, 11% used [0x00000000d7b00000,0x00000000d7b46f00,0x00000000d7d80000)
  to   space 2560K, 0% used [0x00000000d7880000,0x00000000d7880000,0x00000000d7b00000)
 ParOldGen       total 86016K, used 16050K [0x0000000082200000, 0x0000000087600000, 0x00000000d6100000)
  object space 86016K, 18% used [0x0000000082200000,0x00000000831ac920,0x0000000087600000)
 Metaspace       used 17552K, capacity 17788K, committed 17920K, reserved 1064960K
  class space    used 2416K, capacity 2502K, committed 2560K, reserved 1048576K
GC Heap History (10 events):
Event: 388.578 GC heap before
{Heap before GC invocations=36 (full 0):
 PSYoungGen      total 27648K, used 24224K [0x00000000d6100000, 0x00000000d7f80000, 0x0000000100000000)
  eden space 24064K, 100% used [0x00000000d6100000,0x00000000d7880000,0x00000000d7880000)
  from space 3584K, 4% used [0x00000000d7880000,0x00000000d78a8000,0x00000000d7c00000)
  to   space 3584K, 0% used [0x00000000d7c00000,0x00000000d7c00000,0x00000000d7f80000)
 ParOldGen       total 86016K, used 15250K [0x0000000082200000, 0x0000000087600000, 0x00000000d6100000)
  object space 86016K, 17% used [0x0000000082200000,0x00000000830e4b28,0x0000000087600000)
 Metaspace       used 17517K, capacity 17782K, committed 17920K, reserved 1064960K
  class space    used 2416K, capacity 2501K, committed 2560K, reserved 1048576K
Event: 388.579 GC heap after
Heap after GC invocations=36 (full 0):
 PSYoungGen      total 26624K, used 160K [0x00000000d6100000, 0x00000000d7e80000, 0x0000000100000000)
  eden space 24064K, 0% used [0x00000000d6100000,0x00000000d6100000,0x00000000d7880000)
  from space 2560K, 6% used [0x00000000d7c00000,0x00000000d7c28000,0x00000000d7e80000)
  to   space 3072K, 0% used [0x00000000d7880000,0x00000000d7880000,0x00000000d7b80000)
 ParOldGen       total 86016K, used 15274K [0x0000000082200000, 0x0000000087600000, 0x00000000d6100000)
  object space 86016K, 17% used [0x0000000082200000,0x00000000830eab28,0x0000000087600000)
 Metaspace       used 17517K, capacity 17782K, committed 17920K, reserved 1064960K
  class space    used 2416K, capacity 2501K, committed 2560K, reserved 1048576K
}
Event: 394.917 GC heap before
{Heap before GC invocations=37 (full 0):
 PSYoungGen      total 26624K, used 24224K [0x00000000d6100000, 0x00000000d7e80000, 0x0000000100000000)
  eden space 24064K, 100% used [0x00000000d6100000,0x00000000d7880000,0x00000000d7880000)
  from space 2560K, 6% used [0x00000000d7c00000,0x00000000d7c28000,0x00000000d7e80000)
  to   space 3072K, 0% used [0x00000000d7880000,0x00000000d7880000,0x00000000d7b80000)
 ParOldGen       total 86016K, used 15274K [0x0000000082200000, 0x0000000087600000, 0x00000000d6100000)
  object space 86016K, 17% used [0x0000000082200000,0x00000000830eab28,0x0000000087600000)
 Metaspace       used 17521K, capacity 17788K, committed 17920K, reserved 1064960K
  class space    used 2416K, capacity 2502K, committed 2560K, reserved 1048576K
Event: 394.919 GC heap after
Heap after GC invocations=37 (full 0):
 PSYoungGen      total 27136K, used 128K [0x00000000d6100000, 0x00000000d7e80000, 0x0000000100000000)
  eden space 24064K, 0% used [0x00000000d6100000,0x00000000d6100000,0x00000000d7880000)
  from space 3072K, 4% used [0x00000000d7880000,0x00000000d78a0000,0x00000000d7b80000)
  to   space 3072K, 0% used [0x00000000d7b80000,0x00000000d7b80000,0x00000000d7e80000)
 ParOldGen       total 86016K, used 15282K [0x0000000082200000, 0x0000000087600000, 0x00000000d6100000)
  object space 86016K, 17% used [0x0000000082200000,0x00000000830ecb28,0x0000000087600000)
 Metaspace       used 17521K, capacity 17788K, committed 17920K, reserved 1064960K
  class space    used 2416K, capacity 2502K, committed 2560K, reserved 1048576K
}
Event: 401.982 GC heap before
{Heap before GC invocations=38 (full 0):
 PSYoungGen      total 27136K, used 24192K [0x00000000d6100000, 0x00000000d7e80000, 0x0000000100000000)
  eden space 24064K, 100% used [0x00000000d6100000,0x00000000d7880000,0x00000000d7880000)
  from space 3072K, 4% used [0x00000000d7880000,0x00000000d78a0000,0x00000000d7b80000)
  to   space 3072K, 0% used [0x00000000d7b80000,0x00000000d7b80000,0x00000000d7e80000)
 ParOldGen       total 86016K, used 15282K [0x0000000082200000, 0x0000000087600000, 0x00000000d6100000)
  object space 86016K, 17% used [0x0000000082200000,0x00000000830ecb28,0x0000000087600000)
 Metaspace       used 17530K, capacity 17788K, committed 17920K, reserved 1064960K
  class space    used 2416K, capacity 2502K, committed 2560K, reserved 1048576K
Event: 401.984 GC heap after
Heap after GC invocations=38 (full 0):
 PSYoungGen      total 27136K, used 719K [0x00000000d6100000, 0x00000000d7e80000, 0x0000000100000000)
  eden space 24064K, 0% used [0x00000000d6100000,0x00000000d6100000,0x00000000d7880000)
  from space 3072K, 23% used [0x00000000d7b80000,0x00000000d7c33d18,0x00000000d7e80000)
  to   space 3072K, 0% used [0x00000000d7880000,0x00000000d7880000,0x00000000d7b80000)
 ParOldGen       total 86016K, used 15314K [0x0000000082200000, 0x0000000087600000, 0x00000000d6100000)
  object space 86016K, 17% used [0x0000000082200000,0x00000000830f4b28,0x0000000087600000)
 Metaspace       used 17530K, capacity 17788K, committed 17920K, reserved 1064960K
  class space    used 2416K, capacity 2502K, committed 2560K, reserved 1048576K
}
Event: 403.352 GC heap before
{Heap before GC invocations=39 (full 0):
 PSYoungGen      total 27136K, used 24783K [0x00000000d6100000, 0x00000000d7e80000, 0x0000000100000000)
  eden space 24064K, 100% used [0x00000000d6100000,0x00000000d7880000,0x00000000d7880000)
  from space 3072K, 23% used [0x00000000d7b80000,0x00000000d7c33d18,0x00000000d7e80000)
  to   space 3072K, 0% used [0x00000000d7880000,0x00000000d7880000,0x00000000d7b80000)
 ParOldGen       total 86016K, used 15314K [0x0000000082200000, 0x0000000087600000, 0x00000000d6100000)
  object space 86016K, 17% used [0x0000000082200000,0x00000000830f4b28,0x0000000087600000)
 Metaspace       used 17532K, capacity 17788K, committed 17920K, reserved 1064960K
  class space    used 2416K, capacity 2502K, committed 2560K, reserved 1048576K
Event: 403.353 GC heap after
Heap after GC invocations=39 (full 0):
 PSYoungGen      total 24576K, used 118K [0x00000000d6100000, 0x00000000d7d80000, 0x0000000100000000)
  eden space 24064K, 0% used [0x00000000d6100000,0x00000000d6100000,0x00000000d7880000)
  from space 512K, 23% used [0x00000000d7880000,0x00000000d789d9d0,0x00000000d7900000)
  to   space 2560K, 0% used [0x00000000d7b00000,0x00000000d7b00000,0x00000000d7d80000)
 ParOldGen       total 86016K, used 16034K [0x0000000082200000, 0x0000000087600000, 0x00000000d6100000)
  object space 86016K, 18% used [0x0000000082200000,0x00000000831a8920,0x0000000087600000)
 Metaspace       used 17532K, capacity 17788K, committed 17920K, reserved 1064960K
  class space    used 2416K, capacity 2502K, committed 2560K, reserved 1048576K
}
Event: 6279.557 GC heap before
{Heap before GC invocations=40 (full 0):
 PSYoungGen      total 24576K, used 24182K [0x00000000d6100000, 0x00000000d7d80000, 0x0000000100000000)
  eden space 24064K, 100% used [0x00000000d6100000,0x00000000d7880000,0x00000000d7880000)
  from space 512K, 23% used [0x00000000d7880000,0x00000000d789d9d0,0x00000000d7900000)
  to   space 2560K, 0% used [0x00000000d7b00000,0x00000000d7b00000,0x00000000d7d80000)
 ParOldGen       total 86016K, used 16034K [0x0000000082200000, 0x0000000087600000, 0x00000000d6100000)
  object space 86016K, 18% used [0x0000000082200000,0x00000000831a8920,0x0000000087600000)
 Metaspace       used 17552K, capacity 17788K, committed 17920K, reserved 1064960K
  class space    used 2416K, capacity 2502K, committed 2560K, reserved 1048576K
Event: 6279.565 GC heap after
Heap after GC invocations=40 (full 0):
 PSYoungGen      total 26624K, used 283K [0x00000000d6100000, 0x00000000d7d80000, 0x0000000100000000)
  eden space 24064K, 0% used [0x00000000d6100000,0x00000000d6100000,0x00000000d7880000)
  from space 2560K, 11% used [0x00000000d7b00000,0x00000000d7b46f00,0x00000000d7d80000)
  to   space 2560K, 0% used [0x00000000d7880000,0x00000000d7880000,0x00000000d7b00000)
 ParOldGen       total 86016K, used 16050K [0x0000000082200000, 0x0000000087600000, 0x00000000d6100000)
  object space 86016K, 18% used [0x0000000082200000,0x00000000831ac920,0x0000000087600000)
 Metaspace       used 17552K, capacity 17788K, committed 17920K, reserved 1064960K
  class space    used 2416K, capacity 2502K, committed 2560K, reserved 1048576K
}

